<?xml version="1.0" encoding="UTF-8"?>
<!-- Generated by org.testng.reporters.JUnitXMLReporter -->
<testsuite ignored="0" hostname="DESKTOP-G39F81O" failures="0" tests="6" name="Default test" time="57.288" errors="0" timestamp="2024-05-29T16:25:25 IST">
  <testcase classname="testcases.LoginTC" name="LoginTest" time="4.019"/>
  <testcase classname="testcases.OfferRideTC1" name="offerRideTest" time="3.81"/>
  <testcase classname="testcases.LoginTC" name="LoginTest" time="4.886"/>
  <testcase classname="testcases.LoginTC" name="LoginTest" time="3.614"/>
  <testcase classname="testcases.OfferRideTC1" name="offerRideTest" time="4.391"/>
  <testcase classname="testcases.OfferRideTC2" name="offerRideTest" time="3.441"/>
</testsuite> <!-- Default test -->
