<?xml version="1.0" encoding="UTF-8"?>
<!-- Generated by org.testng.reporters.JUnitXMLReporter -->
<testsuite ignored="0" hostname="DESKTOP-G39F81O" failures="1" tests="8" name="Test" time="111.77" errors="0" timestamp="2024-06-13T06:53:59 IST">
  <testcase classname="testcases.LoginTC" name="loginTest" time="5.881"/>
  <testcase classname="testcases.LoginTC" name="loginTest" time="4.174"/>
  <testcase classname="testcases.FindARideTC" name="findRideTest" time="8.158"/>
  <testcase classname="testcases.LoginTC" name="loginTest" time="4.007"/>
  <testcase classname="testcases.OfferRideTC1" name="offerRide1Test" time="5.118"/>
  <testcase classname="testcases.LoginTC" name="loginTest" time="3.936"/>
  <testcase classname="testcases.OfferRideTC1" name="offerRide1Test" time="3.899"/>
  <testcase classname="testcases.OfferRideTC2" name="offerRide2Test" time="5.005">
    <failure type="java.lang.ArrayIndexOutOfBoundsException" message="Index 7 out of bounds for length 7">
      <![CDATA[java.lang.ArrayIndexOutOfBoundsException: Index 7 out of bounds for length 7
at testcases.OfferRideTC2.offerRide2Test(OfferRideTC2.java:27)
at java.base/java.util.ArrayList.forEach(ArrayList.java:1511)
... Removed 27 stack frames]]>
    </failure>
  </testcase> <!-- offerRide2Test -->
</testsuite> <!-- Test -->
