<?xml version="1.0" encoding="UTF-8"?>
<!-- Generated by org.testng.reporters.JUnitXMLReporter -->
<testsuite ignored="0" hostname="DESKTOP-G39F81O" failures="0" tests="8" name="Test" time="89.5" errors="0" timestamp="2024-05-31T13:57:13 IST">
  <testcase classname="testcases.LoginTC" name="loginTest" time="4.189"/>
  <testcase classname="testcases.LoginTC" name="loginTest" time="3.716"/>
  <testcase classname="testcases.FindARideTC" name="findRideTest" time="4.71"/>
  <testcase classname="testcases.LoginTC" name="loginTest" time="3.786"/>
  <testcase classname="testcases.OfferRideTC1" name="offerRide1Test" time="4.227"/>
  <testcase classname="testcases.LoginTC" name="loginTest" time="3.883"/>
  <testcase classname="testcases.OfferRideTC1" name="offerRide1Test" time="3.7"/>
  <testcase classname="testcases.OfferRideTC2" name="offerRide2Test" time="8.061"/>
</testsuite> <!-- Test -->
