<?xml version="1.0" encoding="UTF-8"?>
<testng-results ignored="0" total="8" passed="7" failed="1" skipped="0">
  <reporter-output>
  </reporter-output>
  <suite started-at="2024-06-13T06:52:06 IST" name="Suite" finished-at="2024-06-13T06:53:58 IST" duration-ms="111770">
    <groups>
    </groups>
    <test started-at="2024-06-13T06:52:06 IST" name="Test" finished-at="2024-06-13T06:53:58 IST" duration-ms="111770">
      <class name="testcases.OfferRideTC1">
        <test-method is-config="true" signature="setUp()[pri:0, instance:testcases.OfferRideTC1@f5958c9]" started-at="2024-06-13T06:53:14 IST" name="setUp" finished-at="2024-06-13T06:53:23 IST" duration-ms="8740" status="PASS">
          <reporter-output>
          </reporter-output>
        </test-method> <!-- setUp -->
        <test-method signature="loginTest(java.lang.String,java.lang.String)[pri:0, instance:testcases.OfferRideTC1@f5958c9]" started-at="2024-06-13T06:53:23 IST" name="loginTest" data-provider="loginData" finished-at="2024-06-13T06:53:27 IST" duration-ms="4007" status="PASS">
          <params>
            <param index="0">
              <value>
                <![CDATA[niteesh@w3softech.com]]>
              </value>
            </param>
            <param index="1">
              <value>
                <![CDATA[w3softech]]>
              </value>
            </param>
          </params>
          <reporter-output>
          </reporter-output>
        </test-method> <!-- loginTest -->
        <test-method signature="offerRide1Test([Ljava.lang.String;)[pri:0, instance:testcases.OfferRideTC1@f5958c9]" started-at="2024-06-13T06:53:29 IST" name="offerRide1Test" data-provider="offerData" finished-at="2024-06-13T06:53:34 IST" depends-on-methods="testcases.LoginTC.loginTest" duration-ms="5118" status="PASS">
          <params>
            <param index="0">
              <value>
                <![CDATA[[Ljava.lang.String;@71bb8b34]]>
              </value>
            </param>
          </params>
          <reporter-output>
          </reporter-output>
        </test-method> <!-- offerRide1Test -->
        <test-method is-config="true" signature="tearDown()[pri:0, instance:testcases.OfferRideTC1@f5958c9]" started-at="2024-06-13T06:53:34 IST" name="tearDown" finished-at="2024-06-13T06:53:35 IST" duration-ms="124" status="PASS">
          <reporter-output>
          </reporter-output>
        </test-method> <!-- tearDown -->
      </class> <!-- testcases.OfferRideTC1 -->
      <class name="testcases.LoginTC">
        <test-method is-config="true" signature="setUp()[pri:0, instance:testcases.LoginTC@385c9627]" started-at="2024-06-13T06:52:07 IST" name="setUp" finished-at="2024-06-13T06:52:45 IST" duration-ms="38636" status="PASS">
          <reporter-output>
          </reporter-output>
        </test-method> <!-- setUp -->
        <test-method signature="loginTest(java.lang.String,java.lang.String)[pri:0, instance:testcases.LoginTC@385c9627]" started-at="2024-06-13T06:52:45 IST" name="loginTest" data-provider="loginData" finished-at="2024-06-13T06:52:51 IST" duration-ms="5881" status="PASS">
          <params>
            <param index="0">
              <value>
                <![CDATA[niteesh@w3softech.com]]>
              </value>
            </param>
            <param index="1">
              <value>
                <![CDATA[w3softech]]>
              </value>
            </param>
          </params>
          <reporter-output>
          </reporter-output>
        </test-method> <!-- loginTest -->
        <test-method is-config="true" signature="tearDown()[pri:0, instance:testcases.LoginTC@385c9627]" started-at="2024-06-13T06:52:52 IST" name="tearDown" finished-at="2024-06-13T06:52:52 IST" duration-ms="190" status="PASS">
          <reporter-output>
          </reporter-output>
        </test-method> <!-- tearDown -->
      </class> <!-- testcases.LoginTC -->
      <class name="testcases.OfferRideTC2">
        <test-method is-config="true" signature="setUp()[pri:0, instance:testcases.OfferRideTC2@233795b6]" started-at="2024-06-13T06:53:35 IST" name="setUp" finished-at="2024-06-13T06:53:44 IST" duration-ms="9113" status="PASS">
          <reporter-output>
          </reporter-output>
        </test-method> <!-- setUp -->
        <test-method signature="loginTest(java.lang.String,java.lang.String)[pri:0, instance:testcases.OfferRideTC2@233795b6]" started-at="2024-06-13T06:53:44 IST" name="loginTest" data-provider="loginData" finished-at="2024-06-13T06:53:48 IST" duration-ms="3936" status="PASS">
          <params>
            <param index="0">
              <value>
                <![CDATA[niteesh@w3softech.com]]>
              </value>
            </param>
            <param index="1">
              <value>
                <![CDATA[w3softech]]>
              </value>
            </param>
          </params>
          <reporter-output>
          </reporter-output>
        </test-method> <!-- loginTest -->
        <test-method signature="offerRide1Test([Ljava.lang.String;)[pri:0, instance:testcases.OfferRideTC2@233795b6]" started-at="2024-06-13T06:53:48 IST" name="offerRide1Test" data-provider="offerData" finished-at="2024-06-13T06:53:52 IST" depends-on-methods="testcases.LoginTC.loginTest" duration-ms="3899" status="PASS">
          <params>
            <param index="0">
              <value>
                <![CDATA[[Ljava.lang.String;@197ce367]]>
              </value>
            </param>
          </params>
          <reporter-output>
          </reporter-output>
        </test-method> <!-- offerRide1Test -->
        <test-method signature="offerRide2Test([Ljava.lang.String;)[pri:0, instance:testcases.OfferRideTC2@233795b6]" started-at="2024-06-13T06:53:52 IST" name="offerRide2Test" data-provider="offerData1" finished-at="2024-06-13T06:53:57 IST" depends-on-methods="testcases.OfferRideTC1.offerRide1Test" duration-ms="5005" status="FAIL">
          <params>
            <param index="0">
              <value>
                <![CDATA[[Ljava.lang.String;@6b16de91]]>
              </value>
            </param>
          </params>
          <exception class="java.lang.ArrayIndexOutOfBoundsException">
            <message>
              <![CDATA[Index 7 out of bounds for length 7]]>
            </message>
            <full-stacktrace>
              <![CDATA[java.lang.ArrayIndexOutOfBoundsException: Index 7 out of bounds for length 7
at testcases.OfferRideTC2.offerRide2Test(OfferRideTC2.java:27)
at java.base/jdk.internal.reflect.NativeMethodAccessorImpl.invoke0(Native Method)
at java.base/jdk.internal.reflect.NativeMethodAccessorImpl.invoke(NativeMethodAccessorImpl.java:77)
at java.base/jdk.internal.reflect.DelegatingMethodAccessorImpl.invoke(DelegatingMethodAccessorImpl.java:43)
at java.base/java.lang.reflect.Method.invoke(Method.java:568)
at org.testng.internal.invokers.MethodInvocationHelper.invokeMethod(MethodInvocationHelper.java:139)
at org.testng.internal.invokers.TestInvoker.invokeMethod(TestInvoker.java:664)
at org.testng.internal.invokers.TestInvoker.invokeTestMethod(TestInvoker.java:227)
at org.testng.internal.invokers.MethodRunner.runInSequence(MethodRunner.java:50)
at org.testng.internal.invokers.TestInvoker$MethodInvocationAgent.invoke(TestInvoker.java:957)
at org.testng.internal.invokers.TestInvoker.invokeTestMethods(TestInvoker.java:200)
at org.testng.internal.invokers.TestMethodWorker.invokeTestMethods(TestMethodWorker.java:148)
at org.testng.internal.invokers.TestMethodWorker.run(TestMethodWorker.java:128)
at java.base/java.util.ArrayList.forEach(ArrayList.java:1511)
at org.testng.TestRunner.privateRun(TestRunner.java:848)
at org.testng.TestRunner.run(TestRunner.java:621)
at org.testng.SuiteRunner.runTest(SuiteRunner.java:443)
at org.testng.SuiteRunner.runSequentially(SuiteRunner.java:437)
at org.testng.SuiteRunner.privateRun(SuiteRunner.java:397)
at org.testng.SuiteRunner.run(SuiteRunner.java:336)
at org.testng.SuiteRunnerWorker.runSuite(SuiteRunnerWorker.java:52)
at org.testng.SuiteRunnerWorker.run(SuiteRunnerWorker.java:95)
at org.testng.TestNG.runSuitesSequentially(TestNG.java:1280)
at org.testng.TestNG.runSuitesLocally(TestNG.java:1200)
at org.testng.TestNG.runSuites(TestNG.java:1114)
at org.testng.TestNG.run(TestNG.java:1082)
at org.testng.remote.AbstractRemoteTestNG.run(AbstractRemoteTestNG.java:115)
at org.testng.remote.RemoteTestNG.initAndRun(RemoteTestNG.java:293)
at org.testng.remote.RemoteTestNG.main(RemoteTestNG.java:91)
]]>
            </full-stacktrace>
          </exception> <!-- java.lang.ArrayIndexOutOfBoundsException -->
          <reporter-output>
          </reporter-output>
        </test-method> <!-- offerRide2Test -->
        <test-method is-config="true" signature="tearDown()[pri:0, instance:testcases.OfferRideTC2@233795b6]" started-at="2024-06-13T06:53:58 IST" name="tearDown" finished-at="2024-06-13T06:53:58 IST" duration-ms="206" status="PASS">
          <reporter-output>
          </reporter-output>
        </test-method> <!-- tearDown -->
      </class> <!-- testcases.OfferRideTC2 -->
      <class name="testcases.FindARideTC">
        <test-method is-config="true" signature="setUp()[pri:0, instance:testcases.FindARideTC@77c2494c]" started-at="2024-06-13T06:52:52 IST" name="setUp" finished-at="2024-06-13T06:53:01 IST" duration-ms="9095" status="PASS">
          <reporter-output>
          </reporter-output>
        </test-method> <!-- setUp -->
        <test-method signature="loginTest(java.lang.String,java.lang.String)[pri:0, instance:testcases.FindARideTC@77c2494c]" started-at="2024-06-13T06:53:01 IST" name="loginTest" data-provider="loginData" finished-at="2024-06-13T06:53:05 IST" duration-ms="4174" status="PASS">
          <params>
            <param index="0">
              <value>
                <![CDATA[niteesh@w3softech.com]]>
              </value>
            </param>
            <param index="1">
              <value>
                <![CDATA[w3softech]]>
              </value>
            </param>
          </params>
          <reporter-output>
          </reporter-output>
        </test-method> <!-- loginTest -->
        <test-method signature="findRideTest(java.lang.String,java.lang.String,java.lang.String,java.lang.String)[pri:0, instance:testcases.FindARideTC@77c2494c]" started-at="2024-06-13T06:53:06 IST" name="findRideTest" data-provider="rideData" finished-at="2024-06-13T06:53:14 IST" depends-on-methods="testcases.LoginTC.loginTest" duration-ms="8158" status="PASS">
          <params>
            <param index="0">
              <value>
                <![CDATA[Chennai]]>
              </value>
            </param>
            <param index="1">
              <value>
                <![CDATA[Bengaluru]]>
              </value>
            </param>
            <param index="2">
              <value>
                <![CDATA[23-08-2024]]>
              </value>
            </param>
            <param index="3">
              <value>
                <![CDATA[20]]>
              </value>
            </param>
          </params>
          <reporter-output>
          </reporter-output>
        </test-method> <!-- findRideTest -->
        <test-method is-config="true" signature="tearDown()[pri:0, instance:testcases.FindARideTC@77c2494c]" started-at="2024-06-13T06:53:14 IST" name="tearDown" finished-at="2024-06-13T06:53:14 IST" duration-ms="154" status="PASS">
          <reporter-output>
          </reporter-output>
        </test-method> <!-- tearDown -->
      </class> <!-- testcases.FindARideTC -->
    </test> <!-- Test -->
  </suite> <!-- Suite -->
</testng-results>
