<?xml version="1.0" encoding="UTF-8"?>
<testng-results ignored="0" total="8" passed="8" failed="0" skipped="0">
  <reporter-output>
  </reporter-output>
  <suite started-at="2024-05-31T13:55:43 IST" name="Suite" finished-at="2024-05-31T13:57:12 IST" duration-ms="89500">
    <groups>
    </groups>
    <test started-at="2024-05-31T13:55:43 IST" name="Test" finished-at="2024-05-31T13:57:12 IST" duration-ms="89500">
      <class name="testcases.OfferRideTC1">
        <test-method is-config="true" signature="openApp()[pri:0, instance:testcases.OfferRideTC1@185a6e9]" started-at="2024-05-31T13:56:27 IST" name="openApp" finished-at="2024-05-31T13:56:36 IST" duration-ms="9539" status="PASS">
          <reporter-output>
          </reporter-output>
        </test-method> <!-- openApp -->
        <test-method signature="loginTest(java.lang.String,java.lang.String)[pri:0, instance:testcases.OfferRideTC1@185a6e9]" started-at="2024-05-31T13:56:36 IST" name="loginTest" data-provider="loginData" finished-at="2024-05-31T13:56:40 IST" duration-ms="3786" status="PASS">
          <params>
            <param index="0">
              <value>
                <![CDATA[niteesh@w3softech.com]]>
              </value>
            </param>
            <param index="1">
              <value>
                <![CDATA[w3softech]]>
              </value>
            </param>
          </params>
          <reporter-output>
          </reporter-output>
        </test-method> <!-- loginTest -->
        <test-method signature="offerRide1Test(java.lang.String,java.lang.String,java.lang.String,java.lang.String,java.lang.String,java.lang.String,java.lang.String)[pri:0, instance:testcases.OfferRideTC1@185a6e9]" started-at="2024-05-31T13:56:41 IST" name="offerRide1Test" data-provider="offerData" finished-at="2024-05-31T13:56:46 IST" depends-on-methods="testcases.LoginTC.loginTest" duration-ms="4227" status="PASS">
          <params>
            <param index="0">
              <value>
                <![CDATA[Chennai]]>
              </value>
            </param>
            <param index="1">
              <value>
                <![CDATA[Bengaluru]]>
              </value>
            </param>
            <param index="2">
              <value>
                <![CDATA[OMR Bypass]]>
              </value>
            </param>
            <param index="3">
              <value>
                <![CDATA[23/08/2024]]>
              </value>
            </param>
            <param index="4">
              <value>
                <![CDATA[3:30]]>
              </value>
            </param>
            <param index="5">
              <value>
                <![CDATA[27/08/2024]]>
              </value>
            </param>
            <param index="6">
              <value>
                <![CDATA[5:30]]>
              </value>
            </param>
          </params>
          <reporter-output>
          </reporter-output>
        </test-method> <!-- offerRide1Test -->
        <test-method is-config="true" signature="close()[pri:0, instance:testcases.OfferRideTC1@185a6e9]" started-at="2024-05-31T13:56:46 IST" name="close" finished-at="2024-05-31T13:56:46 IST" duration-ms="197" status="PASS">
          <reporter-output>
          </reporter-output>
        </test-method> <!-- close -->
      </class> <!-- testcases.OfferRideTC1 -->
      <class name="testcases.LoginTC">
        <test-method is-config="true" signature="openApp()[pri:0, instance:testcases.LoginTC@229f66ed]" started-at="2024-05-31T13:55:43 IST" name="openApp" finished-at="2024-05-31T13:56:03 IST" duration-ms="20177" status="PASS">
          <reporter-output>
          </reporter-output>
        </test-method> <!-- openApp -->
        <test-method signature="loginTest(java.lang.String,java.lang.String)[pri:0, instance:testcases.LoginTC@229f66ed]" started-at="2024-05-31T13:56:03 IST" name="loginTest" data-provider="loginData" finished-at="2024-05-31T13:56:08 IST" duration-ms="4189" status="PASS">
          <params>
            <param index="0">
              <value>
                <![CDATA[niteesh@w3softech.com]]>
              </value>
            </param>
            <param index="1">
              <value>
                <![CDATA[w3softech]]>
              </value>
            </param>
          </params>
          <reporter-output>
          </reporter-output>
        </test-method> <!-- loginTest -->
        <test-method is-config="true" signature="close()[pri:0, instance:testcases.LoginTC@229f66ed]" started-at="2024-05-31T13:56:08 IST" name="close" finished-at="2024-05-31T13:56:08 IST" duration-ms="176" status="PASS">
          <reporter-output>
          </reporter-output>
        </test-method> <!-- close -->
      </class> <!-- testcases.LoginTC -->
      <class name="testcases.OfferRideTC2">
        <test-method is-config="true" signature="openApp()[pri:0, instance:testcases.OfferRideTC2@6f03482]" started-at="2024-05-31T13:56:46 IST" name="openApp" finished-at="2024-05-31T13:56:55 IST" duration-ms="9225" status="PASS">
          <reporter-output>
          </reporter-output>
        </test-method> <!-- openApp -->
        <test-method signature="loginTest(java.lang.String,java.lang.String)[pri:0, instance:testcases.OfferRideTC2@6f03482]" started-at="2024-05-31T13:56:55 IST" name="loginTest" data-provider="loginData" finished-at="2024-05-31T13:56:59 IST" duration-ms="3883" status="PASS">
          <params>
            <param index="0">
              <value>
                <![CDATA[niteesh@w3softech.com]]>
              </value>
            </param>
            <param index="1">
              <value>
                <![CDATA[w3softech]]>
              </value>
            </param>
          </params>
          <reporter-output>
          </reporter-output>
        </test-method> <!-- loginTest -->
        <test-method signature="offerRide1Test(java.lang.String,java.lang.String,java.lang.String,java.lang.String,java.lang.String,java.lang.String,java.lang.String)[pri:0, instance:testcases.OfferRideTC2@6f03482]" started-at="2024-05-31T13:57:00 IST" name="offerRide1Test" data-provider="offerData" finished-at="2024-05-31T13:57:03 IST" depends-on-methods="testcases.LoginTC.loginTest" duration-ms="3700" status="PASS">
          <params>
            <param index="0">
              <value>
                <![CDATA[Chennai]]>
              </value>
            </param>
            <param index="1">
              <value>
                <![CDATA[Bengaluru]]>
              </value>
            </param>
            <param index="2">
              <value>
                <![CDATA[OMR Bypass]]>
              </value>
            </param>
            <param index="3">
              <value>
                <![CDATA[23/08/2024]]>
              </value>
            </param>
            <param index="4">
              <value>
                <![CDATA[3:30]]>
              </value>
            </param>
            <param index="5">
              <value>
                <![CDATA[27/08/2024]]>
              </value>
            </param>
            <param index="6">
              <value>
                <![CDATA[5:30]]>
              </value>
            </param>
          </params>
          <reporter-output>
          </reporter-output>
        </test-method> <!-- offerRide1Test -->
        <test-method signature="offerRide2Test(java.lang.String,java.lang.String,java.lang.String,java.lang.String,java.lang.String,java.lang.String,java.lang.String,java.lang.String,java.lang.String,java.lang.String)[pri:0, instance:testcases.OfferRideTC2@6f03482]" started-at="2024-05-31T13:57:04 IST" name="offerRide2Test" data-provider="offerData1" finished-at="2024-05-31T13:57:12 IST" depends-on-methods="testcases.OfferRideTC1.offerRide1Test" duration-ms="8061" status="PASS">
          <params>
            <param index="0">
              <value>
                <![CDATA[1320]]>
              </value>
            </param>
            <param index="1">
              <value>
                <![CDATA[23/08/2024]]>
              </value>
            </param>
            <param index="2">
              <value>
                <![CDATA[5:40]]>
              </value>
            </param>
            <param index="3">
              <value>
                <![CDATA[1234]]>
              </value>
            </param>
            <param index="4">
              <value>
                <![CDATA[1220]]>
              </value>
            </param>
            <param index="5">
              <value>
                <![CDATA[2589]]>
              </value>
            </param>
            <param index="6">
              <value>
                <![CDATA[23/08/2024]]>
              </value>
            </param>
            <param index="7">
              <value>
                <![CDATA[8:10]]>
              </value>
            </param>
            <param index="8">
              <value>
                <![CDATA[230]]>
              </value>
            </param>
            <param index="9">
              <value>
                <![CDATA[1112]]>
              </value>
            </param>
          </params>
          <reporter-output>
          </reporter-output>
        </test-method> <!-- offerRide2Test -->
        <test-method is-config="true" signature="close()[pri:0, instance:testcases.OfferRideTC2@6f03482]" started-at="2024-05-31T13:57:12 IST" name="close" finished-at="2024-05-31T13:57:12 IST" duration-ms="196" status="PASS">
          <reporter-output>
          </reporter-output>
        </test-method> <!-- close -->
      </class> <!-- testcases.OfferRideTC2 -->
      <class name="testcases.FindARideTC">
        <test-method is-config="true" signature="openApp()[pri:0, instance:testcases.FindARideTC@1e800aaa]" started-at="2024-05-31T13:56:08 IST" name="openApp" finished-at="2024-05-31T13:56:17 IST" duration-ms="9148" status="PASS">
          <reporter-output>
          </reporter-output>
        </test-method> <!-- openApp -->
        <test-method signature="loginTest(java.lang.String,java.lang.String)[pri:0, instance:testcases.FindARideTC@1e800aaa]" started-at="2024-05-31T13:56:17 IST" name="loginTest" data-provider="loginData" finished-at="2024-05-31T13:56:21 IST" duration-ms="3716" status="PASS">
          <params>
            <param index="0">
              <value>
                <![CDATA[niteesh@w3softech.com]]>
              </value>
            </param>
            <param index="1">
              <value>
                <![CDATA[w3softech]]>
              </value>
            </param>
          </params>
          <reporter-output>
          </reporter-output>
        </test-method> <!-- loginTest -->
        <test-method signature="findRideTest(java.lang.String,java.lang.String,java.lang.String)[pri:0, instance:testcases.FindARideTC@1e800aaa]" started-at="2024-05-31T13:56:22 IST" name="findRideTest" data-provider="rideData" finished-at="2024-05-31T13:56:26 IST" depends-on-methods="testcases.LoginTC.loginTest" duration-ms="4710" status="PASS">
          <params>
            <param index="0">
              <value>
                <![CDATA[Chennai]]>
              </value>
            </param>
            <param index="1">
              <value>
                <![CDATA[Bengaluru]]>
              </value>
            </param>
            <param index="2">
              <value>
                <![CDATA[08/06/2024]]>
              </value>
            </param>
          </params>
          <reporter-output>
          </reporter-output>
        </test-method> <!-- findRideTest -->
        <test-method is-config="true" signature="close()[pri:0, instance:testcases.FindARideTC@1e800aaa]" started-at="2024-05-31T13:56:27 IST" name="close" finished-at="2024-05-31T13:56:27 IST" duration-ms="158" status="PASS">
          <reporter-output>
          </reporter-output>
        </test-method> <!-- close -->
      </class> <!-- testcases.FindARideTC -->
    </test> <!-- Test -->
  </suite> <!-- Suite -->
</testng-results>
